{"/home/online/mochatest/spec/test5.js":{"path":"/home/online/mochatest/spec/test5.js","s":{"1":1,"2":1,"3":0},"b":{"1":[0,1]},"f":{},"fnMap":{},"statementMap":{"1":{"start":{"line":4,"column":0},"end":{"line":4,"column":7}},"2":{"start":{"line":5,"column":0},"end":{"line":6,"column":8}},"3":{"start":{"line":6,"column":2},"end":{"line":6,"column":8}}},"branchMap":{"1":{"line":5,"type":"if","locations":[{"start":{"line":5,"column":0},"end":{"line":5,"column":0}},{"start":{"line":5,"column":0},"end":{"line":5,"column":0}}]}}}}